0 info it worked if it ends with ok
1 verbose cli [ '/Users/bscherm/.nvm/versions/node/v6.3.1/bin/node',
1 verbose cli   '/Users/bscherm/.nvm/versions/node/v6.3.1/bin/npm',
1 verbose cli   'run',
1 verbose cli   'back-api-test' ]
2 info using npm@3.10.3
3 info using node@v6.3.1
4 verbose run-script [ 'preback-api-test', 'back-api-test', 'postback-api-test' ]
5 info lifecycle @~preback-api-test: @
6 silly lifecycle @~preback-api-test: no script for preback-api-test, continuing
7 info lifecycle @~back-api-test: @
8 verbose lifecycle @~back-api-test: unsafe-perm in lifecycle true
9 verbose lifecycle @~back-api-test: PATH: /Users/bscherm/.nvm/versions/node/v6.3.1/lib/node_modules/npm/bin/node-gyp-bin:/Users/bscherm/SideProjects/book_scripter/node_modules/.bin:/Users/bscherm/.nvm/versions/node/v6.3.1/bin:/Users/bscherm/.nvm/versions/node/v6.3.1/bin:/Users/bscherm/.rbenv/shims:/Users/bscherm/.rbenv/shims:/usr/local/bin:/usr/bin:/bin:/usr/sbin:/sbin
10 verbose lifecycle @~back-api-test: CWD: /Users/bscherm/SideProjects/book_scripter
11 silly lifecycle @~back-api-test: Args: [ '-c',
11 silly lifecycle   'export NODE_ENV=test && mocha -w server/test/uat/bookFlow.spec.js' ]
12 silly lifecycle @~back-api-test: Returned: code: 134  signal: null
13 info lifecycle @~back-api-test: Failed to exec back-api-test script
14 verbose stack Error: @ back-api-test: `export NODE_ENV=test && mocha -w server/test/uat/bookFlow.spec.js`
14 verbose stack Exit status 134
14 verbose stack     at EventEmitter.<anonymous> (/Users/bscherm/.nvm/versions/node/v6.3.1/lib/node_modules/npm/lib/utils/lifecycle.js:242:16)
14 verbose stack     at emitTwo (events.js:106:13)
14 verbose stack     at EventEmitter.emit (events.js:191:7)
14 verbose stack     at ChildProcess.<anonymous> (/Users/bscherm/.nvm/versions/node/v6.3.1/lib/node_modules/npm/lib/utils/spawn.js:40:14)
14 verbose stack     at emitTwo (events.js:106:13)
14 verbose stack     at ChildProcess.emit (events.js:191:7)
14 verbose stack     at maybeClose (internal/child_process.js:852:16)
14 verbose stack     at Process.ChildProcess._handle.onexit (internal/child_process.js:215:5)
15 verbose pkgid @
16 verbose cwd /Users/bscherm/SideProjects/book_scripter
17 error Darwin 15.6.0
18 error argv "/Users/bscherm/.nvm/versions/node/v6.3.1/bin/node" "/Users/bscherm/.nvm/versions/node/v6.3.1/bin/npm" "run" "back-api-test"
19 error node v6.3.1
20 error npm  v3.10.3
21 error code ELIFECYCLE
22 error @ back-api-test: `export NODE_ENV=test && mocha -w server/test/uat/bookFlow.spec.js`
22 error Exit status 134
23 error Failed at the @ back-api-test script 'export NODE_ENV=test && mocha -w server/test/uat/bookFlow.spec.js'.
23 error Make sure you have the latest version of node.js and npm installed.
23 error If you do, this is most likely a problem with the  package,
23 error not with npm itself.
23 error Tell the author that this fails on your system:
23 error     export NODE_ENV=test && mocha -w server/test/uat/bookFlow.spec.js
23 error You can get information on how to open an issue for this project with:
23 error     npm bugs
23 error Or if that isn't available, you can get their info via:
23 error     npm owner ls
23 error There is likely additional logging output above.
24 verbose exit [ 1, true ]
